
Showing logs for build [32mcb-kubecd-environment-pr-199-61-5hdxr-1[0m stage [32mfrom-build-pack[0m and container [32mstep-credential-initializer-hvrdc[0m
{"level":"warn","ts":1586648763.875255,"logger":"fallback-logger","caller":"logging/config.go:69","msg":"Fetch GitHub commit ID from kodata failed: \"ref: refs/heads/0.8.0-**-support-backwards-incompats\" is not a valid GitHub commit ID"}
{"level":"info","ts":1586648763.87609,"logger":"fallback-logger","caller":"creds-init/main.go:40","msg":"Credentials initialized."}

Showing logs for build [32mcb-kubecd-environment-pr-199-61-5hdxr-1[0m stage [32mfrom-build-pack[0m and container [32mstep-working-dir-initializer-dqwpn[0m
{"level":"warn","ts":1586648764.4412353,"logger":"fallback-logger","caller":"logging/config.go:69","msg":"Fetch GitHub commit ID from kodata failed: open /var/run/ko/HEAD: no such file or directory"}
{"level":"info","ts":1586648764.4432435,"logger":"fallback-logger","caller":"bash/main.go:64","msg":"Successfully executed command \"sh -c mkdir -p /workspace/source\"; output "}

Showing logs for build [32mcb-kubecd-environment-pr-199-61-5hdxr-1[0m stage [32mfrom-build-pack[0m and container [32mstep-place-tools[0m

Showing logs for build [32mcb-kubecd-environment-pr-199-61-5hdxr-1[0m stage [32mfrom-build-pack[0m and container [32mstep-git-source-cb-kubecd-environment-pr-199-61-5hdxr-px7d5[0m
{"level":"warn","ts":1586648769.67427,"logger":"fallback-logger","caller":"logging/config.go:69","msg":"Fetch GitHub commit ID from kodata failed: \"ref: refs/heads/0.8.0-**-support-backwards-incompats\" is not a valid GitHub commit ID"}
{"level":"info","ts":1586648770.7781312,"logger":"fallback-logger","caller":"git/git.go:103","msg":"Successfully cloned https://github.com/cb-kubecd/environment-pr-199-61-boot-gke-staging.git @ master in path /workspace/source"}

Showing logs for build [32mcb-kubecd-environment-pr-199-61-5hdxr-1[0m stage [32mfrom-build-pack[0m and container [32mstep-git-merge[0m
Using SHAs from PULL_REFS=master:78cc72bb974d97a15aae7c4425de2d0e13a97e54,7:2faf4c1b4edcef47e0d931d9577dc02b6b6f0d73
DEBUG: LC_ALL=C JX_LOG_LEVEL=error git fetch origin --unshallow 2faf4c1b4edcef47e0d931d9577dc02b6b6f0d73: 78cc72bb974d97a15aae7c4425de2d0e13a97e54:
DEBUG: ran git fetch --unshallow origin 2faf4c1b4edcef47e0d931d9577dc02b6b6f0d73: 78cc72bb974d97a15aae7c4425de2d0e13a97e54: in 
DEBUG: LC_ALL=C JX_LOG_LEVEL=error git branch
DEBUG: LC_ALL=C JX_LOG_LEVEL=error git checkout master
DEBUG: ran git checkout master in 
DEBUG: LC_ALL=C JX_LOG_LEVEL=error git reset --hard 78cc72bb974d97a15aae7c4425de2d0e13a97e54
DEBUG: ran git reset --hard 78cc72bb974d97a15aae7c4425de2d0e13a97e54 in 
DEBUG: LC_ALL=C JX_LOG_LEVEL=error git clean -fd .
DEBUG: ran clean --force -d . in 
DEBUG: LC_ALL=C JX_LOG_LEVEL=error git merge 2faf4c1b4edcef47e0d931d9577dc02b6b6f0d73
DEBUG: ran git merge 2faf4c1b4edcef47e0d931d9577dc02b6b6f0d73 in 
DEBUG: LC_ALL=C JX_LOG_LEVEL=error git log --format=%H%x1f%an%x1f%ae%x1f%cn%x1f%ce%x1f%s%n%b%x1e 78cc72bb974d97a15aae7c4425de2d0e13a97e54..HEAD
Merged SHA 2faf4c1b4edcef47e0d931d9577dc02b6b6f0d73 with commit message 'chore: Promote bdd-sbhg-import-1586647445 to version 0.0.1' into base branch master

Showing logs for build [32mcb-kubecd-environment-pr-199-61-5hdxr-1[0m stage [32mfrom-build-pack[0m and container [32mstep-build-helm-build[0m
WARNING: No $CHART_REPOSITORY defined so using the default value of: http://jenkins-x-chartmuseum:8080
Adding missing Helm repo: storage.googleapis.com https://storage.googleapis.com/chartmuseum.jenkins-x.io
WARNING: No secrets found on "helm/repos" due: reading the secret "helm/repos" from vault: no secret "helm/repos" not found in vault
Read credentials for https://storage.googleapis.com/chartmuseum.jenkins-x.io from vault helm/repos
Successfully added Helm repository storage.googleapis.com.
Adding missing Helm repo: jenkins-x-chartmuseum http://jenkins-x-chartmuseum:8080
WARNING: No secrets found on "helm/repos" due: reading the secret "helm/repos" from vault: no secret "helm/repos" not found in vault
Read credentials for http://jenkins-x-chartmuseum:8080 from vault helm/repos
Successfully added Helm repository jenkins-x-chartmuseum.
WARNING: No $CHART_REPOSITORY defined so using the default value of: http://jenkins-x-chartmuseum:8080
Adding missing Helm repo: chartmuseum.jenkins-x.io http://chartmuseum.jenkins-x.io
WARNING: No secrets found on "helm/repos" due: reading the secret "helm/repos" from vault: no secret "helm/repos" not found in vault
Read credentials for http://chartmuseum.jenkins-x.io from vault helm/repos
Successfully added Helm repository chartmuseum.jenkins-x.io.
